<?xml version="1.0" encoding="UTF-8"?>
<testng-results ignored="0" total="1" passed="1" failed="0" skipped="0">
  <reporter-output>
  </reporter-output>
  <suite started-at="2026-04-05T00:15:10 IST" name="Default suite" finished-at="2026-04-05T00:15:19 IST" duration-ms="8872">
    <groups>
    </groups>
    <test started-at="2026-04-05T00:15:10 IST" name="Default test" finished-at="2026-04-05T00:15:19 IST" duration-ms="8872">
      <class name="com.activities.request.AuthorsPostValidReqSpec">
        <test-method signature="verifyPostWithValidReqSpec()[pri:0, instance:com.activities.request.AuthorsPostValidReqSpec@c8c12ac]" started-at="2026-04-05T00:15:10 IST" name="verifyPostWithValidReqSpec" finished-at="2026-04-05T00:15:19 IST" duration-ms="8754" status="PASS">
          <reporter-output>
          </reporter-output>
        </test-method> <!-- verifyPostWithValidReqSpec -->
      </class> <!-- com.activities.request.AuthorsPostValidReqSpec -->
    </test> <!-- Default test -->
  </suite> <!-- Default suite -->
</testng-results>
